<?xml version="1.0" encoding="UTF-8"?>
<testng-results ignored="0" total="1" passed="1" failed="0" skipped="0">
  <reporter-output>
  </reporter-output>
  <suite started-at="2020-12-02T10:21:12 CST" name="Default suite" finished-at="2020-12-02T10:21:26 CST" duration-ms="14434">
    <groups>
      <group name="firefox">
        <method signature="TopGamertags.testGamertags()[pri:0, instance:xbox.testcase.TopGamertags@2eae8e6e]" name="testGamertags" class="xbox.testcase.TopGamertags"/>
      </group> <!-- firefox -->
      <group name="ChromeWin32">
        <method signature="TopGamertags.testGamertags()[pri:0, instance:xbox.testcase.TopGamertags@2eae8e6e]" name="testGamertags" class="xbox.testcase.TopGamertags"/>
      </group> <!-- ChromeWin32 -->
    </groups>
    <test started-at="2020-12-02T10:21:12 CST" name="Default test" finished-at="2020-12-02T10:21:26 CST" duration-ms="14434">
      <class name="xbox.testcase.TopGamertags">
        <test-method is-config="true" signature="setUpBrowser(java.lang.String, java.lang.String, java.lang.String, java.lang.String)[pri:0, instance:xbox.testcase.TopGamertags@2eae8e6e]" started-at="2020-12-02T10:21:12 CST" name="setUpBrowser" finished-at="2020-12-02T10:21:18 CST" duration-ms="5847" status="PASS">
          <params>
            <param index="0">
              <value>
                <![CDATA[chrome]]>
              </value>
            </param>
            <param index="1">
              <value>
                <![CDATA[false]]>
              </value>
            </param>
            <param index="2">
              <value>
                <![CDATA[0]]>
              </value>
            </param>
            <param index="3">
              <value>
                <![CDATA[0]]>
              </value>
            </param>
          </params>
          <reporter-output>
          </reporter-output>
        </test-method> <!-- setUpBrowser -->
        <test-method signature="testGamertags()[pri:0, instance:xbox.testcase.TopGamertags@2eae8e6e]" started-at="2020-12-02T10:21:18 CST" name="testGamertags" finished-at="2020-12-02T10:21:23 CST" duration-ms="5476" status="PASS">
          <reporter-output>
          </reporter-output>
        </test-method> <!-- testGamertags -->
        <test-method is-config="true" signature="tearDown()[pri:0, instance:xbox.testcase.TopGamertags@2eae8e6e]" started-at="2020-12-02T10:21:23 CST" name="tearDown" finished-at="2020-12-02T10:21:26 CST" duration-ms="3086" status="PASS">
          <reporter-output>
          </reporter-output>
        </test-method> <!-- tearDown -->
      </class> <!-- xbox.testcase.TopGamertags -->
    </test> <!-- Default test -->
  </suite> <!-- Default suite -->
</testng-results>
